<?xml version="1.0" encoding="UTF-8"?>
<testng-results skipped="0" failed="0" total="2" passed="2">
  <reporter-output>
  </reporter-output>
  <suite name="Default suite" duration-ms="39687" started-at="2017-11-13T07:55:35Z" finished-at="2017-11-13T07:56:15Z">
    <groups>
    </groups>
    <test name="Default test" duration-ms="39687" started-at="2017-11-13T07:55:35Z" finished-at="2017-11-13T07:56:15Z">
      <class name="pack1.Actions1">
        <test-method status="PASS" signature="m1()[pri:0, instance:pack1.Actions1@9f70c54]" name="m1" duration-ms="19452" started-at="2017-11-13T13:25:35Z" finished-at="2017-11-13T13:25:55Z">
          <reporter-output>
          </reporter-output>
        </test-method> <!-- m1 -->
        <test-method status="PASS" signature="m2()[pri:0, instance:pack1.Actions1@9f70c54]" name="m2" duration-ms="20203" started-at="2017-11-13T13:25:55Z" finished-at="2017-11-13T13:26:15Z">
          <reporter-output>
          </reporter-output>
        </test-method> <!-- m2 -->
      </class> <!-- pack1.Actions1 -->
    </test> <!-- Default test -->
  </suite> <!-- Default suite -->
</testng-results>
